
Lmod is automatically replacing "gnu9/9.3.0" with "gnu10/10.3.0-ya".


Inactive Modules:
  1) hwloc/2.1.0     2) libfabric     3) openmpi4

The following have been reloaded with a version change:
  1) ucx/1.12.1-4g => ucx/1.12.1-o7

Traceback (most recent call last):
  File "/home/pmallozz/anomaly_detection/anomaly_detection/main.py", line 68, in <module>
    main()
  File "/home/pmallozz/anomaly_detection/anomaly_detection/main.py", line 54, in main
    trainer.train(max_iters=config["max_iters"],
  File "/home/pmallozz/anomaly_detection/anomaly_detection/trainers/trainer.py", line 69, in train
    logits = self.model(xb)
  File "/home/pmallozz/anomaly_detection/.venv/lib/python3.10/site-packages/torch/nn/modules/module.py", line 1511, in _wrapped_call_impl
    return self._call_impl(*args, **kwargs)
  File "/home/pmallozz/anomaly_detection/.venv/lib/python3.10/site-packages/torch/nn/modules/module.py", line 1520, in _call_impl
    return forward_call(*args, **kwargs)
  File "/home/pmallozz/anomaly_detection/anomaly_detection/models/deeplog.py", line 44, in forward
    out, _ = self.lstm(x, (h0, c0))
  File "/home/pmallozz/anomaly_detection/.venv/lib/python3.10/site-packages/torch/nn/modules/module.py", line 1511, in _wrapped_call_impl
    return self._call_impl(*args, **kwargs)
  File "/home/pmallozz/anomaly_detection/.venv/lib/python3.10/site-packages/torch/nn/modules/module.py", line 1520, in _call_impl
    return forward_call(*args, **kwargs)
  File "/home/pmallozz/anomaly_detection/.venv/lib/python3.10/site-packages/torch/nn/modules/rnn.py", line 878, in forward
    result = _VF.lstm(input, hx, self._flat_weights, self.bias, self.num_layers,
RuntimeError: Input and parameter tensors are not at the same device, found input tensor at cpu and parameter tensor at cuda:0
